<?xml version="1.0" encoding="utf-8"?><testsuites name="pytest tests"><testsuite name="pytest" errors="0" failures="0" skipped="0" tests="23" time="5.726" timestamp="2026-05-04T15:44:59.959434+00:00" hostname="agent-env-c1f06e3a-e352-4cd1-a630-a5563770f038"><testcase classname="backend.tests.test_organogram.TestCanEdit" name="test_admin_can_edit" time="1.049" /><testcase classname="backend.tests.test_organogram.TestCanEdit" name="test_non_admin_cannot_edit_by_default" time="0.507" /><testcase classname="backend.tests.test_organogram.TestPortalUsers" name="test_list_returns_assigned_flag" time="0.145" /><testcase classname="backend.tests.test_organogram.TestPermissions" name="test_non_admin_post_forbidden" time="0.134" /><testcase classname="backend.tests.test_organogram.TestPermissions" name="test_non_admin_get_allowed" time="0.134" /><testcase classname="backend.tests.test_organogram.TestNodeCRUD" name="test_create_cmod_node" time="0.131" /><testcase classname="backend.tests.test_organogram.TestNodeCRUD" name="test_invalid_rank_rejected" time="0.117" /><testcase classname="backend.tests.test_organogram.TestNodeCRUD" name="test_duplicate_username_rejected" time="0.163" /><testcase classname="backend.tests.test_organogram.TestNodeCRUD" name="test_invalid_parent_rank_rejected" time="0.123" /><testcase classname="backend.tests.test_organogram.TestNodeCRUD" name="test_create_with_valid_parent" time="0.153" /><testcase classname="backend.tests.test_organogram.TestNodeCRUD" name="test_invalid_parent_id" time="0.121" /><testcase classname="backend.tests.test_organogram.TestNodeCRUD" name="test_create_third_level" time="0.121" /><testcase classname="backend.tests.test_organogram.TestNodeCRUD" name="test_get_persisted" time="0.204" /><testcase classname="backend.tests.test_organogram.TestNodeCRUD" name="test_patch_display_name" time="0.486" /><testcase classname="backend.tests.test_organogram.TestNodeCRUD" name="test_patch_rank_invalid_due_to_children" time="0.135" /><testcase classname="backend.tests.test_organogram.TestNodeCRUD" name="test_patch_cycle_prevention" time="0.105" /><testcase classname="backend.tests.test_organogram.TestNodeCRUD" name="test_non_admin_patch_forbidden" time="0.123" /><testcase classname="backend.tests.test_organogram.TestNodeCRUD" name="test_cmod_user_can_now_edit" time="0.481" /><testcase classname="backend.tests.test_organogram.TestNodeCRUD" name="test_cmod_user_can_create" time="0.113" /><testcase classname="backend.tests.test_organogram.TestNodeCRUD" name="test_delete_reparents_children" time="0.258" /><testcase classname="backend.tests.test_organogram.TestNodeCRUD" name="test_non_admin_delete_forbidden" time="0.112" /><testcase classname="backend.tests.test_organogram.TestNodeCRUD" name="test_delete_unknown_returns_404" time="0.118" /><testcase classname="backend.tests.test_organogram" name="test_zz_cleanup" time="0.562" /></testsuite></testsuites>