<?xml version="1.0" encoding="utf-8"?><testsuites name="pytest tests"><testsuite name="pytest" errors="0" failures="1" skipped="0" tests="14" time="4.581" timestamp="2026-01-16T23:21:09.910272+00:00" hostname="agent-env-4b366015-51b2-4bf8-903e-4983b2e6dc4c"><testcase classname="tests.test_new_features.TestApplicationSettings" name="test_get_application_settings_status_public" time="0.078" /><testcase classname="tests.test_new_features.TestApplicationSettings" name="test_get_application_settings_admin_requires_auth" time="0.041" /><testcase classname="tests.test_new_features.TestApplicationSettings" name="test_get_application_settings_admin_with_auth" time="0.343" /><testcase classname="tests.test_new_features.TestApplicationSettings" name="test_toggle_applications_off" time="0.340" /><testcase classname="tests.test_new_features.TestApplicationSettings" name="test_submit_application_when_disabled" time="0.338" /><testcase classname="tests.test_new_features.TestApplicationSettings" name="test_toggle_applications_on" time="0.310" /><testcase classname="tests.test_new_features.TestWaitingStatus" name="test_update_application_to_waiting" time="0.403" /><testcase classname="tests.test_new_features.TestWaitingStatus" name="test_convert_waiting_to_approved" time="0.390" /><testcase classname="tests.test_new_features.TestApplicationStatusFiltering" name="test_get_all_applications" time="0.309" /><testcase classname="tests.test_new_features.TestApplicationStatusFiltering" name="test_application_has_required_fields" time="0.299" /><testcase classname="tests.test_new_features.TestStatusUpdateValidation" name="test_status_update_requires_comment" time="0.334"><failure message="assert 422 == 400&#10; +  where 422 = &lt;Response [422]&gt;.status_code">tests/test_new_features.py:315: in test_status_update_requires_comment
    assert update_response.status_code == 400
E   assert 422 == 400
E    +  where 422 = &lt;Response [422]&gt;.status_code</failure></testcase><testcase classname="tests.test_new_features.TestStatusUpdateValidation" name="test_status_update_with_empty_comment" time="0.584" /><testcase classname="tests.test_new_features.TestStatusUpdateValidation" name="test_valid_status_values" time="0.339" /><testcase classname="tests.test_new_features.TestEmailFunctionality" name="test_waitlist_email_triggered_on_status_change" time="0.386" /></testsuite></testsuites>